2023-10-05 13:25:17,427 [myid:] - INFO  [main:o.a.z.s.q.QuorumPeerConfig@177] - Reading configuration from: /Users/deepaksoni/Documents/coding/DSTNproject/apache-zookeeper-3.9.0-bin/bin/../conf/zoo.cfg
2023-10-05 13:25:17,440 [myid:] - INFO  [main:o.a.z.s.q.QuorumPeerConfig@440] - clientPortAddress is 0.0.0.0:2181
2023-10-05 13:25:17,440 [myid:] - INFO  [main:o.a.z.s.q.QuorumPeerConfig@444] - secureClientPort is not set
2023-10-05 13:25:17,440 [myid:] - INFO  [main:o.a.z.s.q.QuorumPeerConfig@460] - observerMasterPort is not set
2023-10-05 13:25:17,440 [myid:] - INFO  [main:o.a.z.s.q.QuorumPeerConfig@477] - metricsProvider.className is org.apache.zookeeper.metrics.impl.DefaultMetricsProvider
2023-10-05 13:25:17,443 [myid:] - ERROR [main:o.a.z.s.q.QuorumPeerConfig@702] - Invalid configuration, only one server specified (ignoring)
2023-10-05 13:25:17,444 [myid:] - INFO  [main:o.a.z.s.DatadirCleanupManager@78] - autopurge.snapRetainCount set to 3
2023-10-05 13:25:17,444 [myid:] - INFO  [main:o.a.z.s.DatadirCleanupManager@79] - autopurge.purgeInterval set to 0
2023-10-05 13:25:17,444 [myid:] - INFO  [main:o.a.z.s.DatadirCleanupManager@101] - Purge task is not scheduled.
2023-10-05 13:25:17,444 [myid:] - WARN  [main:o.a.z.s.q.QuorumPeerMain@139] - Either no config or no quorum defined in config, running in standalone mode
2023-10-05 13:25:17,445 [myid:] - INFO  [main:o.a.z.j.ManagedUtil@46] - Log4j 1.2 jmx support not found; jmx disabled.
2023-10-05 13:25:17,445 [myid:] - INFO  [main:o.a.z.s.q.QuorumPeerConfig@177] - Reading configuration from: /Users/deepaksoni/Documents/coding/DSTNproject/apache-zookeeper-3.9.0-bin/bin/../conf/zoo.cfg
2023-10-05 13:25:17,445 [myid:] - INFO  [main:o.a.z.s.q.QuorumPeerConfig@440] - clientPortAddress is 0.0.0.0:2181
2023-10-05 13:25:17,445 [myid:] - INFO  [main:o.a.z.s.q.QuorumPeerConfig@444] - secureClientPort is not set
2023-10-05 13:25:17,445 [myid:] - INFO  [main:o.a.z.s.q.QuorumPeerConfig@460] - observerMasterPort is not set
2023-10-05 13:25:17,445 [myid:] - INFO  [main:o.a.z.s.q.QuorumPeerConfig@477] - metricsProvider.className is org.apache.zookeeper.metrics.impl.DefaultMetricsProvider
2023-10-05 13:25:17,445 [myid:] - ERROR [main:o.a.z.s.q.QuorumPeerConfig@702] - Invalid configuration, only one server specified (ignoring)
2023-10-05 13:25:17,446 [myid:] - INFO  [main:o.a.z.s.ZooKeeperServerMain@123] - Starting server
2023-10-05 13:25:17,451 [myid:] - INFO  [main:o.a.z.s.ServerMetrics@64] - ServerMetrics initialized with provider org.apache.zookeeper.metrics.impl.DefaultMetricsProvider@192b07fd
2023-10-05 13:25:17,453 [myid:] - INFO  [main:o.a.z.s.a.DigestAuthenticationProvider@51] - ACL digest algorithm is: SHA1
2023-10-05 13:25:17,453 [myid:] - INFO  [main:o.a.z.s.a.DigestAuthenticationProvider@65] - zookeeper.DigestAuthenticationProvider.enabled = true
2023-10-05 13:25:17,453 [myid:] - INFO  [main:o.a.z.s.p.FileTxnSnapLog@124] - zookeeper.snapshot.trust.empty : false
2023-10-05 13:25:17,459 [myid:] - INFO  [main:o.a.z.ZookeeperBanner@42] - 
2023-10-05 13:25:17,459 [myid:] - INFO  [main:o.a.z.ZookeeperBanner@42] -   ______                  _                                          
2023-10-05 13:25:17,459 [myid:] - INFO  [main:o.a.z.ZookeeperBanner@42] -  |___  /                 | |                                         
2023-10-05 13:25:17,459 [myid:] - INFO  [main:o.a.z.ZookeeperBanner@42] -     / /    ___     ___   | | __   ___    ___   _ __     ___   _ __   
2023-10-05 13:25:17,459 [myid:] - INFO  [main:o.a.z.ZookeeperBanner@42] -    / /    / _ \   / _ \  | |/ /  / _ \  / _ \ | '_ \   / _ \ | '__|
2023-10-05 13:25:17,459 [myid:] - INFO  [main:o.a.z.ZookeeperBanner@42] -   / /__  | (_) | | (_) | |   <  |  __/ |  __/ | |_) | |  __/ | |    
2023-10-05 13:25:17,459 [myid:] - INFO  [main:o.a.z.ZookeeperBanner@42] -  /_____|  \___/   \___/  |_|\_\  \___|  \___| | .__/   \___| |_|
2023-10-05 13:25:17,459 [myid:] - INFO  [main:o.a.z.ZookeeperBanner@42] -                                               | |                     
2023-10-05 13:25:17,459 [myid:] - INFO  [main:o.a.z.ZookeeperBanner@42] -                                               |_|                     
2023-10-05 13:25:17,459 [myid:] - INFO  [main:o.a.z.ZookeeperBanner@42] - 
2023-10-05 13:25:17,461 [myid:] - INFO  [main:o.a.z.Environment@98] - Server environment:zookeeper.version=3.9.0-1674a5e97f43bc38e9bf56b04f83a7ae34d68249, built on 2023-07-19 09:09 UTC
2023-10-05 13:25:17,461 [myid:] - INFO  [main:o.a.z.Environment@98] - Server environment:host.name=localhost
2023-10-05 13:25:17,461 [myid:] - INFO  [main:o.a.z.Environment@98] - Server environment:java.version=1.8.0_381
2023-10-05 13:25:17,461 [myid:] - INFO  [main:o.a.z.Environment@98] - Server environment:java.vendor=Oracle Corporation
2023-10-05 13:25:17,461 [myid:] - INFO  [main:o.a.z.Environment@98] - Server environment:java.home=/Library/Internet Plug-Ins/JavaAppletPlugin.plugin/Contents/Home
2023-10-05 13:25:17,461 [myid:] - INFO  [main:o.a.z.Environment@98] - Server environment:java.class.path=/Users/deepaksoni/Documents/coding/DSTNproject/apache-zookeeper-3.9.0-bin/bin/../zookeeper-metrics-providers/zookeeper-prometheus-metrics/target/classes:/Users/deepaksoni/Documents/coding/DSTNproject/apache-zookeeper-3.9.0-bin/bin/../zookeeper-server/target/classes:/Users/deepaksoni/Documents/coding/DSTNproject/apache-zookeeper-3.9.0-bin/bin/../build/classes:/Users/deepaksoni/Documents/coding/DSTNproject/apache-zookeeper-3.9.0-bin/bin/../zookeeper-metrics-providers/zookeeper-prometheus-metrics/target/lib/*.jar:/Users/deepaksoni/Documents/coding/DSTNproject/apache-zookeeper-3.9.0-bin/bin/../zookeeper-server/target/lib/*.jar:/Users/deepaksoni/Documents/coding/DSTNproject/apache-zookeeper-3.9.0-bin/bin/../build/lib/*.jar:/Users/deepaksoni/Documents/coding/DSTNproject/apache-zookeeper-3.9.0-bin/bin/../lib/zookeeper-prometheus-metrics-3.9.0.jar:/Users/deepaksoni/Documents/coding/DSTNproject/apache-zookeeper-3.9.0-bin/bin/../lib/zookeeper-jute-3.9.0.jar:/Users/deepaksoni/Documents/coding/DSTNproject/apache-zookeeper-3.9.0-bin/bin/../lib/zookeeper-3.9.0.jar:/Users/deepaksoni/Documents/coding/DSTNproject/apache-zookeeper-3.9.0-bin/bin/../lib/snappy-java-1.1.10.1.jar:/Users/deepaksoni/Documents/coding/DSTNproject/apache-zookeeper-3.9.0-bin/bin/../lib/slf4j-api-1.7.30.jar:/Users/deepaksoni/Documents/coding/DSTNproject/apache-zookeeper-3.9.0-bin/bin/../lib/simpleclient_servlet-0.9.0.jar:/Users/deepaksoni/Documents/coding/DSTNproject/apache-zookeeper-3.9.0-bin/bin/../lib/simpleclient_hotspot-0.9.0.jar:/Users/deepaksoni/Documents/coding/DSTNproject/apache-zookeeper-3.9.0-bin/bin/../lib/simpleclient_common-0.9.0.jar:/Users/deepaksoni/Documents/coding/DSTNproject/apache-zookeeper-3.9.0-bin/bin/../lib/simpleclient-0.9.0.jar:/Users/deepaksoni/Documents/coding/DSTNproject/apache-zookeeper-3.9.0-bin/bin/../lib/netty-transport-native-unix-common-4.1.94.Final.jar:/Users/deepaksoni/Documents/coding/DSTNproject/apache-zookeeper-3.9.0-bin/bin/../lib/netty-transport-native-epoll-4.1.94.Final-linux-x86_64.jar:/Users/deepaksoni/Documents/coding/DSTNproject/apache-zookeeper-3.9.0-bin/bin/../lib/netty-transport-classes-epoll-4.1.94.Final.jar:/Users/deepaksoni/Documents/coding/DSTNproject/apache-zookeeper-3.9.0-bin/bin/../lib/netty-transport-4.1.94.Final.jar:/Users/deepaksoni/Documents/coding/DSTNproject/apache-zookeeper-3.9.0-bin/bin/../lib/netty-tcnative-classes-2.0.61.Final.jar:/Users/deepaksoni/Documents/coding/DSTNproject/apache-zookeeper-3.9.0-bin/bin/../lib/netty-tcnative-boringssl-static-2.0.61.Final.jar:/Users/deepaksoni/Documents/coding/DSTNproject/apache-zookeeper-3.9.0-bin/bin/../lib/netty-tcnative-boringssl-static-2.0.61.Final-windows-x86_64.jar:/Users/deepaksoni/Documents/coding/DSTNproject/apache-zookeeper-3.9.0-bin/bin/../lib/netty-tcnative-boringssl-static-2.0.61.Final-osx-x86_64.jar:/Users/deepaksoni/Documents/coding/DSTNproject/apache-zookeeper-3.9.0-bin/bin/../lib/netty-tcnative-boringssl-static-2.0.61.Final-osx-aarch_64.jar:/Users/deepaksoni/Documents/coding/DSTNproject/apache-zookeeper-3.9.0-bin/bin/../lib/netty-tcnative-boringssl-static-2.0.61.Final-linux-x86_64.jar:/Users/deepaksoni/Documents/coding/DSTNproject/apache-zookeeper-3.9.0-bin/bin/../lib/netty-tcnative-boringssl-static-2.0.61.Final-linux-aarch_64.jar:/Users/deepaksoni/Documents/coding/DSTNproject/apache-zookeeper-3.9.0-bin/bin/../lib/netty-resolver-4.1.94.Final.jar:/Users/deepaksoni/Documents/coding/DSTNproject/apache-zookeeper-3.9.0-bin/bin/../lib/netty-handler-4.1.94.Final.jar:/Users/deepaksoni/Documents/coding/DSTNproject/apache-zookeeper-3.9.0-bin/bin/../lib/netty-common-4.1.94.Final.jar:/Users/deepaksoni/Documents/coding/DSTNproject/apache-zookeeper-3.9.0-bin/bin/../lib/netty-codec-4.1.94.Final.jar:/Users/deepaksoni/Documents/coding/DSTNproject/apache-zookeeper-3.9.0-bin/bin/../lib/netty-buffer-4.1.94.Final.jar:/Users/deepaksoni/Documents/coding/DSTNproject/apache-zookeeper-3.9.0-bin/bin/../lib/metrics-core-4.1.12.1.jar:/Users/deepaksoni/Documents/coding/DSTNproject/apache-zookeeper-3.9.0-bin/bin/../lib/logback-core-1.2.10.jar:/Users/deepaksoni/Documents/coding/DSTNproject/apache-zookeeper-3.9.0-bin/bin/../lib/logback-classic-1.2.10.jar:/Users/deepaksoni/Documents/coding/DSTNproject/apache-zookeeper-3.9.0-bin/bin/../lib/jline-2.14.6.jar:/Users/deepaksoni/Documents/coding/DSTNproject/apache-zookeeper-3.9.0-bin/bin/../lib/jetty-util-ajax-9.4.51.v20230217.jar:/Users/deepaksoni/Documents/coding/DSTNproject/apache-zookeeper-3.9.0-bin/bin/../lib/jetty-util-9.4.51.v20230217.jar:/Users/deepaksoni/Documents/coding/DSTNproject/apache-zookeeper-3.9.0-bin/bin/../lib/jetty-servlet-9.4.51.v20230217.jar:/Users/deepaksoni/Documents/coding/DSTNproject/apache-zookeeper-3.9.0-bin/bin/../lib/jetty-server-9.4.51.v20230217.jar:/Users/deepaksoni/Documents/coding/DSTNproject/apache-zookeeper-3.9.0-bin/bin/../lib/jetty-security-9.4.51.v20230217.jar:/Users/deepaksoni/Documents/coding/DSTNproject/apache-zookeeper-3.9.0-bin/bin/../lib/jetty-io-9.4.51.v20230217.jar:/Users/deepaksoni/Documents/coding/DSTNproject/apache-zookeeper-3.9.0-bin/bin/../lib/jetty-http-9.4.51.v20230217.jar:/Users/deepaksoni/Documents/coding/DSTNproject/apache-zookeeper-3.9.0-bin/bin/../lib/javax.servlet-api-3.1.0.jar:/Users/deepaksoni/Documents/coding/DSTNproject/apache-zookeeper-3.9.0-bin/bin/../lib/jackson-databind-2.15.2.jar:/Users/deepaksoni/Documents/coding/DSTNproject/apache-zookeeper-3.9.0-bin/bin/../lib/jackson-core-2.15.2.jar:/Users/deepaksoni/Documents/coding/DSTNproject/apache-zookeeper-3.9.0-bin/bin/../lib/jackson-annotations-2.15.2.jar:/Users/deepaksoni/Documents/coding/DSTNproject/apache-zookeeper-3.9.0-bin/bin/../lib/commons-io-2.11.0.jar:/Users/deepaksoni/Documents/coding/DSTNproject/apache-zookeeper-3.9.0-bin/bin/../lib/commons-cli-1.5.0.jar:/Users/deepaksoni/Documents/coding/DSTNproject/apache-zookeeper-3.9.0-bin/bin/../lib/audience-annotations-0.12.0.jar:/Users/deepaksoni/Documents/coding/DSTNproject/apache-zookeeper-3.9.0-bin/bin/../zookeeper-*.jar:/Users/deepaksoni/Documents/coding/DSTNproject/apache-zookeeper-3.9.0-bin/bin/../zookeeper-server/src/main/resources/lib/*.jar:/Users/deepaksoni/Documents/coding/DSTNproject/apache-zookeeper-3.9.0-bin/bin/../conf:
2023-10-05 13:25:17,461 [myid:] - INFO  [main:o.a.z.Environment@98] - Server environment:java.library.path=/Users/deepaksoni/Library/Java/Extensions:/Library/Java/Extensions:/Network/Library/Java/Extensions:/System/Library/Java/Extensions:/usr/lib/java:.
2023-10-05 13:25:17,461 [myid:] - INFO  [main:o.a.z.Environment@98] - Server environment:java.io.tmpdir=/var/folders/7t/2nc0y9p52kqchmgv3kjw9ql00000gn/T/
2023-10-05 13:25:17,461 [myid:] - INFO  [main:o.a.z.Environment@98] - Server environment:java.compiler=<NA>
2023-10-05 13:25:17,461 [myid:] - INFO  [main:o.a.z.Environment@98] - Server environment:os.name=Mac OS X
2023-10-05 13:25:17,461 [myid:] - INFO  [main:o.a.z.Environment@98] - Server environment:os.arch=aarch64
2023-10-05 13:25:17,461 [myid:] - INFO  [main:o.a.z.Environment@98] - Server environment:os.version=14.0
2023-10-05 13:25:17,461 [myid:] - INFO  [main:o.a.z.Environment@98] - Server environment:user.name=deepaksoni
2023-10-05 13:25:17,461 [myid:] - INFO  [main:o.a.z.Environment@98] - Server environment:user.home=/Users/deepaksoni
2023-10-05 13:25:17,461 [myid:] - INFO  [main:o.a.z.Environment@98] - Server environment:user.dir=/Users/deepaksoni/Documents/coding/DSTNproject/apache-zookeeper-3.9.0-bin
2023-10-05 13:25:17,461 [myid:] - INFO  [main:o.a.z.Environment@98] - Server environment:os.memory.free=104MB
2023-10-05 13:25:17,461 [myid:] - INFO  [main:o.a.z.Environment@98] - Server environment:os.memory.max=889MB
2023-10-05 13:25:17,461 [myid:] - INFO  [main:o.a.z.Environment@98] - Server environment:os.memory.total=123MB
2023-10-05 13:25:17,461 [myid:] - INFO  [main:o.a.z.s.ZooKeeperServer@149] - zookeeper.enableEagerACLCheck = false
2023-10-05 13:25:17,461 [myid:] - INFO  [main:o.a.z.s.ZooKeeperServer@162] - zookeeper.digest.enabled = true
2023-10-05 13:25:17,461 [myid:] - INFO  [main:o.a.z.s.ZooKeeperServer@166] - zookeeper.closeSessionTxn.enabled = true
2023-10-05 13:25:17,461 [myid:] - INFO  [main:o.a.z.s.ZooKeeperServer@2251] - zookeeper.serializeLastProcessedZxid.enabled = true
2023-10-05 13:25:17,461 [myid:] - INFO  [main:o.a.z.s.ZooKeeperServer@1594] - zookeeper.flushDelay = 0 ms
2023-10-05 13:25:17,462 [myid:] - INFO  [main:o.a.z.s.ZooKeeperServer@1603] - zookeeper.maxWriteQueuePollTime = 0 ms
2023-10-05 13:25:17,462 [myid:] - INFO  [main:o.a.z.s.ZooKeeperServer@1612] - zookeeper.maxBatchSize=1000
2023-10-05 13:25:17,462 [myid:] - INFO  [main:o.a.z.s.ZooKeeperServer@287] - zookeeper.intBufferStartingSizeBytes = 1024
2023-10-05 13:25:17,462 [myid:] - INFO  [main:o.a.z.s.BlueThrottle@141] - Weighed connection throttling is disabled
2023-10-05 13:25:17,462 [myid:] - INFO  [main:o.a.z.s.AuthenticationHelper@66] - zookeeper.enforce.auth.enabled = false
2023-10-05 13:25:17,462 [myid:] - INFO  [main:o.a.z.s.AuthenticationHelper@67] - zookeeper.enforce.auth.schemes = []
2023-10-05 13:25:17,463 [myid:] - INFO  [main:o.a.z.s.ZooKeeperServer@1406] - minSessionTimeout set to 4000 ms
2023-10-05 13:25:17,463 [myid:] - INFO  [main:o.a.z.s.ZooKeeperServer@1415] - maxSessionTimeout set to 40000 ms
2023-10-05 13:25:17,463 [myid:] - INFO  [main:o.a.z.s.ResponseCache@45] - getData response cache size is initialized with value 400.
2023-10-05 13:25:17,463 [myid:] - INFO  [main:o.a.z.s.ResponseCache@45] - getChildren response cache size is initialized with value 400.
2023-10-05 13:25:17,464 [myid:] - INFO  [main:o.a.z.s.u.RequestPathMetricsCollector@109] - zookeeper.pathStats.slotCapacity = 60
2023-10-05 13:25:17,464 [myid:] - INFO  [main:o.a.z.s.u.RequestPathMetricsCollector@110] - zookeeper.pathStats.slotDuration = 15
2023-10-05 13:25:17,464 [myid:] - INFO  [main:o.a.z.s.u.RequestPathMetricsCollector@111] - zookeeper.pathStats.maxDepth = 6
2023-10-05 13:25:17,464 [myid:] - INFO  [main:o.a.z.s.u.RequestPathMetricsCollector@112] - zookeeper.pathStats.initialDelay = 5
2023-10-05 13:25:17,464 [myid:] - INFO  [main:o.a.z.s.u.RequestPathMetricsCollector@113] - zookeeper.pathStats.delay = 5
2023-10-05 13:25:17,464 [myid:] - INFO  [main:o.a.z.s.u.RequestPathMetricsCollector@114] - zookeeper.pathStats.enabled = false
2023-10-05 13:25:17,465 [myid:] - INFO  [main:o.a.z.s.ZooKeeperServer@1631] - The max bytes for all large requests are set to 104857600
2023-10-05 13:25:17,465 [myid:] - INFO  [main:o.a.z.s.ZooKeeperServer@1645] - The large request threshold is set to -1
2023-10-05 13:25:17,466 [myid:] - INFO  [main:o.a.z.s.ZooKeeperServer@385] - Created server with tickTime 2000 ms minSessionTimeout 4000 ms maxSessionTimeout 40000 ms clientPortListenBacklog -1 datadir /tmp/zookeeper/version-2 snapdir /tmp/zookeeper/version-2
2023-10-05 13:25:17,477 [myid:] - INFO  [main:o.e.j.u.l.Log@170] - Logging initialized @491ms to org.eclipse.jetty.util.log.Slf4jLog
2023-10-05 13:25:17,522 [myid:] - WARN  [main:o.e.j.s.h.ContextHandler@1662] - o.e.j.s.ServletContextHandler@1dd02175{/,null,STOPPED} contextPath ends with /*
2023-10-05 13:25:17,522 [myid:] - WARN  [main:o.e.j.s.h.ContextHandler@1673] - Empty contextPath
2023-10-05 13:25:17,529 [myid:] - INFO  [main:o.e.j.s.Server@375] - jetty-9.4.51.v20230217; built: 2023-02-17T08:19:37.309Z; git: b45c405e4544384de066f814ed42ae3dceacdd49; jvm 1.8.0_381-b09
2023-10-05 13:25:17,546 [myid:] - INFO  [main:o.e.j.s.s.DefaultSessionIdManager@334] - DefaultSessionIdManager workerName=node0
2023-10-05 13:25:17,546 [myid:] - INFO  [main:o.e.j.s.s.DefaultSessionIdManager@339] - No SessionScavenger set, using defaults
2023-10-05 13:25:17,547 [myid:] - INFO  [main:o.e.j.s.s.HouseKeeper@132] - node0 Scavenging every 660000ms
2023-10-05 13:25:17,549 [myid:] - WARN  [main:o.e.j.s.ConstraintSecurityHandler@759] - ServletContext@o.e.j.s.ServletContextHandler@1dd02175{/,null,STARTING} has uncovered http methods for path: /*
2023-10-05 13:25:17,555 [myid:] - INFO  [main:o.e.j.s.h.ContextHandler@921] - Started o.e.j.s.ServletContextHandler@1dd02175{/,null,AVAILABLE}
2023-10-05 13:25:17,573 [myid:] - INFO  [main:o.e.j.s.AbstractConnector@333] - Started ServerConnector@5c18298f{HTTP/1.1, (http/1.1)}{0.0.0.0:8080}
2023-10-05 13:25:17,574 [myid:] - INFO  [main:o.e.j.s.Server@415] - Started @588ms
2023-10-05 13:25:17,574 [myid:] - INFO  [main:o.a.z.s.a.JettyAdminServer@201] - Started AdminServer on address 0.0.0.0, port 8080 and command URL /commands
2023-10-05 13:25:17,577 [myid:] - INFO  [main:o.a.z.s.ServerCnxnFactory@169] - Using org.apache.zookeeper.server.NIOServerCnxnFactory as server connection factory
2023-10-05 13:25:17,577 [myid:] - WARN  [main:o.a.z.s.ServerCnxnFactory@309] - maxCnxns is not configured, using default value 0.
2023-10-05 13:25:17,578 [myid:] - INFO  [main:o.a.z.s.NIOServerCnxnFactory@652] - Configuring NIO connection handler with 10s sessionless connection timeout, 2 selector thread(s), 16 worker threads, and 64 kB direct buffers.
2023-10-05 13:25:17,579 [myid:] - INFO  [main:o.a.z.s.NIOServerCnxnFactory@660] - binding to port 0.0.0.0/0.0.0.0:2181
2023-10-05 13:25:17,586 [myid:] - INFO  [main:o.a.z.s.w.WatchManagerFactory@42] - Using org.apache.zookeeper.server.watch.WatchManager as watch manager
2023-10-05 13:25:17,586 [myid:] - INFO  [main:o.a.z.s.w.WatchManagerFactory@42] - Using org.apache.zookeeper.server.watch.WatchManager as watch manager
2023-10-05 13:25:17,586 [myid:] - INFO  [main:o.a.z.s.ZKDatabase@135] - zookeeper.snapshotSizeFactor = 0.33
2023-10-05 13:25:17,587 [myid:] - INFO  [main:o.a.z.s.ZKDatabase@155] - zookeeper.commitLogCount=500
2023-10-05 13:25:17,589 [myid:] - INFO  [main:o.a.z.s.p.SnapStream@61] - zookeeper.snapshot.compression.method = CHECKED
2023-10-05 13:25:17,592 [myid:] - INFO  [main:o.a.z.s.p.FileSnap@86] - Reading snapshot /tmp/zookeeper/version-2/snapshot.207
2023-10-05 13:25:17,596 [myid:] - INFO  [main:o.a.z.s.DataTree@1694] - The digest in the snapshot has digest version of 2, with zxid as 0x207, and digest value as 303497140455
2023-10-05 13:25:17,607 [myid:] - INFO  [main:o.a.z.a.ZKAuditProvider@42] - ZooKeeper audit is disabled.
2023-10-05 13:25:17,607 [myid:] - INFO  [main:o.a.z.s.p.FileTxnSnapLog@372] - 25 txns loaded in 7 ms
2023-10-05 13:25:17,607 [myid:] - INFO  [main:o.a.z.s.ZKDatabase@292] - Snapshot loaded in 20 ms, highest zxid is 0x220, digest is 311321229099
2023-10-05 13:25:17,607 [myid:] - INFO  [main:o.a.z.s.p.FileTxnSnapLog@480] - Snapshotting: 0x220 to /tmp/zookeeper/version-2/snapshot.220
2023-10-05 13:25:17,609 [myid:] - INFO  [main:o.a.z.s.ZooKeeperServer@589] - Snapshot taken in 2 ms
2023-10-05 13:25:17,613 [myid:] - INFO  [ProcessThread(sid:0 cport:2181)::o.a.z.s.PrepRequestProcessor@138] - PrepRequestProcessor (sid:0) started, reconfigEnabled=false
2023-10-05 13:25:17,613 [myid:] - INFO  [main:o.a.z.s.RequestThrottler@75] - zookeeper.request_throttler.shutdownTimeout = 10000 ms
2023-10-05 13:25:17,620 [myid:] - INFO  [main:o.a.z.s.ContainerManager@83] - Using checkIntervalMs=60000 maxPerMinute=10000 maxNeverUsedIntervalMs=0
2023-10-05 13:25:24,417 [myid:] - INFO  [SyncThread:0:o.a.z.s.p.FileTxnLog@284] - Creating new log file: log.221
2023-10-05 13:43:38,202 [myid:] - INFO  [SessionTracker:o.a.z.s.ZooKeeperServer@730] - Expiring session 0x10008ba7cd40000, timeout of 18000ms exceeded
2023-10-05 13:56:45,419 [myid:] - INFO  [NIOWorkerThread-9:o.a.z.s.ZooKeeperServer@1188] - Invalid session 0x10008ba7cd40000 for client /172.20.10.2:64790, probably expired
2023-10-05 15:00:58,687 [myid:] - INFO  [SessionTracker:o.a.z.s.ZooKeeperServer@730] - Expiring session 0x10008ba7cd40001, timeout of 18000ms exceeded
2023-10-05 15:01:33,068 [myid:] - INFO  [NIOWorkerThread-14:o.a.z.s.ZooKeeperServer@1188] - Invalid session 0x10008ba7cd40001 for client /172.20.10.2:65523, probably expired
2023-10-05 15:04:10,681 [myid:] - INFO  [SessionTracker:o.a.z.s.ZooKeeperServer@730] - Expiring session 0x10008ba7cd40002, timeout of 18000ms exceeded
2023-10-05 15:29:35,348 [myid:] - INFO  [NIOWorkerThread-4:o.a.z.s.ZooKeeperServer@1188] - Invalid session 0x10008ba7cd40002 for client /172.20.10.2:49751, probably expired
2023-10-05 15:41:26,036 [myid:] - INFO  [SessionTracker:o.a.z.s.ZooKeeperServer@730] - Expiring session 0x10008ba7cd40003, timeout of 18000ms exceeded
2023-10-05 17:29:15,621 [myid:] - INFO  [NIOWorkerThread-3:o.a.z.s.ZooKeeperServer@1188] - Invalid session 0x10008ba7cd40003 for client /172.20.10.2:51041, probably expired
2023-10-05 17:45:33,169 [myid:] - INFO  [SessionTracker:o.a.z.s.ZooKeeperServer@730] - Expiring session 0x10008ba7cd40004, timeout of 18000ms exceeded
2023-10-05 18:02:05,964 [myid:] - INFO  [NIOWorkerThread-1:o.a.z.s.ZooKeeperServer@1188] - Invalid session 0x10008ba7cd40004 for client /172.20.10.2:51540, probably expired
2023-10-05 18:13:43,111 [myid:] - INFO  [SessionTracker:o.a.z.s.ZooKeeperServer@730] - Expiring session 0x10008ba7cd40005, timeout of 18000ms exceeded
2023-10-05 18:15:36,283 [myid:] - INFO  [NIOWorkerThread-9:o.a.z.s.ZooKeeperServer@1188] - Invalid session 0x10008ba7cd40005 for client /172.20.10.2:51821, probably expired
2023-10-05 19:41:39,131 [myid:] - INFO  [SessionTracker:o.a.z.s.ZooKeeperServer@730] - Expiring session 0x10008ba7cd40006, timeout of 18000ms exceeded
